2021-08-03 10:31:26.705 [main] INFO  c.s.p.s.PdfService -  | Adding watermark to PDF
2021-08-03 10:31:28.349 [main] INFO  c.s.p.s.PdfService -  | Reading PDF
2021-08-03 10:31:28.612 [main] INFO  c.s.p.s.PdfService -  | Merging PDF
2021-08-03 10:31:28.692 [main] INFO  c.s.p.s.PdfService -  | Merging PDF: closing PDDocument
2021-08-03 10:31:28.693 [main] INFO  c.s.p.s.PdfService -  | Reading PDF
2021-08-03 10:31:28.743 [main] INFO  c.s.p.s.PdfService -  | Encrypting PDF
2021-08-03 10:31:28.818 [main] INFO  c.s.p.s.PdfService -  | Reading PDF
2021-08-03 10:31:28.834 [main] ERROR c.s.p.s.PdfService -  | Reading PDF Exception: 
org.apache.pdfbox.pdmodel.encryption.InvalidPasswordException: Cannot decrypt PDF, the password is incorrect
	at org.apache.pdfbox.pdmodel.encryption.StandardSecurityHandler.prepareForDecryption(StandardSecurityHandler.java:240) ~[pdfbox-2.0.24.jar:2.0.24]
	at org.apache.pdfbox.pdfparser.COSParser.prepareDecryption(COSParser.java:2910) ~[pdfbox-2.0.24.jar:2.0.24]
	at org.apache.pdfbox.pdfparser.COSParser.retrieveTrailer(COSParser.java:285) ~[pdfbox-2.0.24.jar:2.0.24]
	at org.apache.pdfbox.pdfparser.PDFParser.initialParse(PDFParser.java:173) ~[pdfbox-2.0.24.jar:2.0.24]
	at org.apache.pdfbox.pdfparser.PDFParser.parse(PDFParser.java:226) ~[pdfbox-2.0.24.jar:2.0.24]
	at org.apache.pdfbox.pdmodel.PDDocument.load(PDDocument.java:1228) ~[pdfbox-2.0.24.jar:2.0.24]
	at org.apache.pdfbox.pdmodel.PDDocument.load(PDDocument.java:1164) ~[pdfbox-2.0.24.jar:2.0.24]
	at com.smc.pdfutil.service.PdfService.read(PdfService.java:65) [classes/:?]
	at com.smc.pdfutil.service.PdfService.read(PdfService.java:53) [classes/:?]
	at com.smc.pdfutil.service.PdfServiceTest.testEncrypt(PdfServiceTest.java:177) [test-classes/:?]
	at sun.reflect.NativeMethodAccessorImpl.invoke0(Native Method) ~[?:1.8.0_181]
	at sun.reflect.NativeMethodAccessorImpl.invoke(NativeMethodAccessorImpl.java:62) ~[?:1.8.0_181]
	at sun.reflect.DelegatingMethodAccessorImpl.invoke(DelegatingMethodAccessorImpl.java:43) ~[?:1.8.0_181]
	at java.lang.reflect.Method.invoke(Method.java:498) ~[?:1.8.0_181]
	at org.junit.runners.model.FrameworkMethod$1.runReflectiveCall(FrameworkMethod.java:59) [junit-4.13.2.jar:4.13.2]
	at org.junit.internal.runners.model.ReflectiveCallable.run(ReflectiveCallable.java:12) [junit-4.13.2.jar:4.13.2]
	at org.junit.runners.model.FrameworkMethod.invokeExplosively(FrameworkMethod.java:56) [junit-4.13.2.jar:4.13.2]
	at org.junit.internal.runners.statements.InvokeMethod.evaluate(InvokeMethod.java:17) [junit-4.13.2.jar:4.13.2]
	at org.junit.runners.ParentRunner$3.evaluate(ParentRunner.java:306) [junit-4.13.2.jar:4.13.2]
	at org.junit.runners.BlockJUnit4ClassRunner$1.evaluate(BlockJUnit4ClassRunner.java:100) [junit-4.13.2.jar:4.13.2]
	at org.junit.runners.ParentRunner.runLeaf(ParentRunner.java:366) [junit-4.13.2.jar:4.13.2]
	at org.junit.runners.BlockJUnit4ClassRunner.runChild(BlockJUnit4ClassRunner.java:103) [junit-4.13.2.jar:4.13.2]
	at org.junit.runners.BlockJUnit4ClassRunner.runChild(BlockJUnit4ClassRunner.java:63) [junit-4.13.2.jar:4.13.2]
	at org.junit.runners.ParentRunner$4.run(ParentRunner.java:331) [junit-4.13.2.jar:4.13.2]
	at org.junit.runners.ParentRunner$1.schedule(ParentRunner.java:79) [junit-4.13.2.jar:4.13.2]
	at org.junit.runners.ParentRunner.runChildren(ParentRunner.java:329) [junit-4.13.2.jar:4.13.2]
	at org.junit.runners.ParentRunner.access$100(ParentRunner.java:66) [junit-4.13.2.jar:4.13.2]
	at org.junit.runners.ParentRunner$2.evaluate(ParentRunner.java:293) [junit-4.13.2.jar:4.13.2]
	at org.junit.internal.runners.statements.RunBefores.evaluate(RunBefores.java:26) [junit-4.13.2.jar:4.13.2]
	at org.junit.internal.runners.statements.RunAfters.evaluate(RunAfters.java:27) [junit-4.13.2.jar:4.13.2]
	at org.junit.runners.ParentRunner$3.evaluate(ParentRunner.java:306) [junit-4.13.2.jar:4.13.2]
	at org.junit.runners.ParentRunner.run(ParentRunner.java:413) [junit-4.13.2.jar:4.13.2]
	at org.junit.runner.JUnitCore.run(JUnitCore.java:137) [junit-4.13.2.jar:4.13.2]
	at com.intellij.junit4.JUnit4IdeaTestRunner.startRunnerWithArgs(JUnit4IdeaTestRunner.java:69) [junit-rt.jar:?]
	at com.intellij.rt.junit.IdeaTestRunner$Repeater.startRunnerWithArgs(IdeaTestRunner.java:33) [junit-rt.jar:?]
	at com.intellij.rt.junit.JUnitStarter.prepareStreamsAndStart(JUnitStarter.java:235) [junit-rt.jar:?]
	at com.intellij.rt.junit.JUnitStarter.main(JUnitStarter.java:54) [junit-rt.jar:?]
2021-08-03 10:31:28.846 [main] INFO  c.s.p.s.PdfService -  | Reading PDF
2021-08-03 10:31:28.869 [Finalizer] WARN  o.a.p.c.COSDocument -  | Warning: You did not close a PDF Document
2021-08-03 10:31:28.903 [main] INFO  c.s.p.s.PdfService -  | Reading PDF
2021-08-03 10:31:28.970 [main] INFO  c.s.p.s.PdfService -  | Extracting PDF
2021-08-03 10:31:29.019 [main] INFO  c.s.p.s.PdfService -  | Reading PDF
2021-08-03 10:31:29.033 [main] INFO  c.s.p.s.PdfService -  | Merging PDF
2021-08-03 10:31:29.071 [main] INFO  c.s.p.s.PdfService -  | Merging PDF: closing PDDocument
2021-08-03 10:31:29.072 [main] INFO  c.s.p.s.PdfService -  | Reading PDF
2021-08-03 10:31:29.140 [main] INFO  c.s.p.s.PdfService -  | Drawing img to PDF
2021-08-03 10:31:29.262 [main] INFO  c.s.p.s.PdfService -  | Reading PDF
2021-08-03 10:31:29.361 [main] INFO  c.s.p.s.PdfService -  | Reading PDF
2021-08-03 10:31:29.372 [main] INFO  c.s.p.s.PdfService -  | Reading PDF
2021-08-03 10:31:29.454 [main] INFO  c.s.p.s.PdfService -  | Cutting img from PDF
2021-08-03 10:31:29.738 [main] INFO  c.s.p.s.PdfService -  | Adding watermark to PDF
2021-08-03 10:31:29.825 [main] INFO  c.s.p.s.PdfService -  | Reading PDF
2021-08-03 10:31:29.865 [main] INFO  c.s.p.s.PdfService -  | Reading PDF
2021-08-03 10:31:29.871 [main] INFO  c.s.p.s.PdfService -  | Setting Info to PDF
2021-08-03 10:31:29.902 [main] INFO  c.s.p.s.PdfService -  | Reading PDF
2021-08-03 10:35:28.294 [main] INFO  c.s.p.s.PdfService -  | Adding watermark to PDF
2021-08-03 10:35:29.643 [main] INFO  c.s.p.s.PdfService -  | Reading PDF
2021-08-03 10:35:29.846 [main] INFO  c.s.p.s.PdfService -  | Merging PDF
2021-08-03 10:35:29.940 [main] INFO  c.s.p.s.PdfService -  | Merging PDF: closing PDDocument
2021-08-03 10:35:29.940 [main] INFO  c.s.p.s.PdfService -  | Reading PDF
2021-08-03 10:35:29.987 [main] INFO  c.s.p.s.PdfService -  | Encrypting PDF
2021-08-03 10:35:30.081 [main] INFO  c.s.p.s.PdfService -  | Reading PDF
2021-08-03 10:35:30.112 [main] ERROR c.s.p.s.PdfService -  | Reading PDF Exception: 
org.apache.pdfbox.pdmodel.encryption.InvalidPasswordException: Cannot decrypt PDF, the password is incorrect
	at org.apache.pdfbox.pdmodel.encryption.StandardSecurityHandler.prepareForDecryption(StandardSecurityHandler.java:240) ~[pdfbox-2.0.24.jar:2.0.24]
	at org.apache.pdfbox.pdfparser.COSParser.prepareDecryption(COSParser.java:2910) ~[pdfbox-2.0.24.jar:2.0.24]
	at org.apache.pdfbox.pdfparser.COSParser.retrieveTrailer(COSParser.java:285) ~[pdfbox-2.0.24.jar:2.0.24]
	at org.apache.pdfbox.pdfparser.PDFParser.initialParse(PDFParser.java:173) ~[pdfbox-2.0.24.jar:2.0.24]
	at org.apache.pdfbox.pdfparser.PDFParser.parse(PDFParser.java:226) ~[pdfbox-2.0.24.jar:2.0.24]
	at org.apache.pdfbox.pdmodel.PDDocument.load(PDDocument.java:1228) ~[pdfbox-2.0.24.jar:2.0.24]
	at org.apache.pdfbox.pdmodel.PDDocument.load(PDDocument.java:1164) ~[pdfbox-2.0.24.jar:2.0.24]
	at com.smc.pdfutil.service.PdfService.read(PdfService.java:65) [classes/:?]
	at com.smc.pdfutil.service.PdfService.read(PdfService.java:53) [classes/:?]
	at com.smc.pdfutil.service.PdfServiceTest.testEncrypt(PdfServiceTest.java:179) [test-classes/:?]
	at sun.reflect.NativeMethodAccessorImpl.invoke0(Native Method) ~[?:1.8.0_181]
	at sun.reflect.NativeMethodAccessorImpl.invoke(NativeMethodAccessorImpl.java:62) ~[?:1.8.0_181]
	at sun.reflect.DelegatingMethodAccessorImpl.invoke(DelegatingMethodAccessorImpl.java:43) ~[?:1.8.0_181]
	at java.lang.reflect.Method.invoke(Method.java:498) ~[?:1.8.0_181]
	at org.junit.runners.model.FrameworkMethod$1.runReflectiveCall(FrameworkMethod.java:59) [junit-4.13.2.jar:4.13.2]
	at org.junit.internal.runners.model.ReflectiveCallable.run(ReflectiveCallable.java:12) [junit-4.13.2.jar:4.13.2]
	at org.junit.runners.model.FrameworkMethod.invokeExplosively(FrameworkMethod.java:56) [junit-4.13.2.jar:4.13.2]
	at org.junit.internal.runners.statements.InvokeMethod.evaluate(InvokeMethod.java:17) [junit-4.13.2.jar:4.13.2]
	at org.junit.runners.ParentRunner$3.evaluate(ParentRunner.java:306) [junit-4.13.2.jar:4.13.2]
	at org.junit.runners.BlockJUnit4ClassRunner$1.evaluate(BlockJUnit4ClassRunner.java:100) [junit-4.13.2.jar:4.13.2]
	at org.junit.runners.ParentRunner.runLeaf(ParentRunner.java:366) [junit-4.13.2.jar:4.13.2]
	at org.junit.runners.BlockJUnit4ClassRunner.runChild(BlockJUnit4ClassRunner.java:103) [junit-4.13.2.jar:4.13.2]
	at org.junit.runners.BlockJUnit4ClassRunner.runChild(BlockJUnit4ClassRunner.java:63) [junit-4.13.2.jar:4.13.2]
	at org.junit.runners.ParentRunner$4.run(ParentRunner.java:331) [junit-4.13.2.jar:4.13.2]
	at org.junit.runners.ParentRunner$1.schedule(ParentRunner.java:79) [junit-4.13.2.jar:4.13.2]
	at org.junit.runners.ParentRunner.runChildren(ParentRunner.java:329) [junit-4.13.2.jar:4.13.2]
	at org.junit.runners.ParentRunner.access$100(ParentRunner.java:66) [junit-4.13.2.jar:4.13.2]
	at org.junit.runners.ParentRunner$2.evaluate(ParentRunner.java:293) [junit-4.13.2.jar:4.13.2]
	at org.junit.internal.runners.statements.RunBefores.evaluate(RunBefores.java:26) [junit-4.13.2.jar:4.13.2]
	at org.junit.internal.runners.statements.RunAfters.evaluate(RunAfters.java:27) [junit-4.13.2.jar:4.13.2]
	at org.junit.runners.ParentRunner$3.evaluate(ParentRunner.java:306) [junit-4.13.2.jar:4.13.2]
	at org.junit.runners.ParentRunner.run(ParentRunner.java:413) [junit-4.13.2.jar:4.13.2]
	at org.junit.runner.JUnitCore.run(JUnitCore.java:137) [junit-4.13.2.jar:4.13.2]
	at com.intellij.junit4.JUnit4IdeaTestRunner.startRunnerWithArgs(JUnit4IdeaTestRunner.java:69) [junit-rt.jar:?]
	at com.intellij.rt.junit.IdeaTestRunner$Repeater.startRunnerWithArgs(IdeaTestRunner.java:33) [junit-rt.jar:?]
	at com.intellij.rt.junit.JUnitStarter.prepareStreamsAndStart(JUnitStarter.java:235) [junit-rt.jar:?]
	at com.intellij.rt.junit.JUnitStarter.main(JUnitStarter.java:54) [junit-rt.jar:?]
2021-08-03 10:35:30.175 [main] INFO  c.s.p.s.PdfService -  | Reading PDF
2021-08-03 10:35:30.206 [Finalizer] WARN  o.a.p.c.COSDocument -  | Warning: You did not close a PDF Document
2021-08-03 10:35:30.253 [main] INFO  c.s.p.s.PdfService -  | Reading PDF
2021-08-03 10:35:30.331 [main] INFO  c.s.p.s.PdfService -  | Extracting PDF
2021-08-03 10:35:30.346 [main] INFO  c.s.p.s.PdfService -  | Reading PDF
2021-08-03 10:35:30.378 [main] INFO  c.s.p.s.PdfService -  | Merging PDF
2021-08-03 10:35:30.424 [main] INFO  c.s.p.s.PdfService -  | Merging PDF: closing PDDocument
2021-08-03 10:35:30.471 [main] INFO  c.s.p.s.PdfService -  | Reading PDF
2021-08-03 10:35:30.518 [main] INFO  c.s.p.s.PdfService -  | Drawing img to PDF
2021-08-03 10:35:30.612 [main] INFO  c.s.p.s.PdfService -  | Reading PDF
2021-08-03 10:35:30.628 [main] INFO  c.s.p.s.PdfService -  | Reading PDF
2021-08-03 10:35:30.628 [main] INFO  c.s.p.s.PdfService -  | Reading PDF
2021-08-03 10:35:30.690 [main] INFO  c.s.p.s.PdfService -  | Cutting img from PDF
2021-08-03 10:35:30.924 [main] INFO  c.s.p.s.PdfService -  | Adding watermark to PDF
2021-08-03 10:35:30.971 [main] INFO  c.s.p.s.PdfService -  | Reading PDF
2021-08-03 10:35:31.002 [main] INFO  c.s.p.s.PdfService -  | Reading PDF
2021-08-03 10:35:31.002 [main] INFO  c.s.p.s.PdfService -  | Setting Info to PDF
2021-08-03 10:35:31.034 [main] INFO  c.s.p.s.PdfService -  | Reading PDF
2021-08-03 10:41:39.813 [main] INFO  c.s.p.s.PdfService -  | Adding watermark to PDF
2021-08-03 10:41:41.519 [main] INFO  c.s.p.s.PdfService -  | Reading PDF
2021-08-03 10:41:41.712 [main] INFO  c.s.p.s.PdfService -  | Merging PDF
2021-08-03 10:41:41.800 [main] INFO  c.s.p.s.PdfService -  | Merging PDF: closing PDDocument
2021-08-03 10:41:41.801 [main] INFO  c.s.p.s.PdfService -  | Reading PDF
2021-08-03 10:41:41.857 [main] INFO  c.s.p.s.PdfService -  | Encrypting PDF
2021-08-03 10:41:41.963 [main] INFO  c.s.p.s.PdfService -  | Reading PDF
2021-08-03 10:41:41.983 [main] ERROR c.s.p.s.PdfService -  | Reading PDF Exception: 
org.apache.pdfbox.pdmodel.encryption.InvalidPasswordException: Cannot decrypt PDF, the password is incorrect
	at org.apache.pdfbox.pdmodel.encryption.StandardSecurityHandler.prepareForDecryption(StandardSecurityHandler.java:240) ~[pdfbox-2.0.24.jar:2.0.24]
	at org.apache.pdfbox.pdfparser.COSParser.prepareDecryption(COSParser.java:2910) ~[pdfbox-2.0.24.jar:2.0.24]
	at org.apache.pdfbox.pdfparser.COSParser.retrieveTrailer(COSParser.java:285) ~[pdfbox-2.0.24.jar:2.0.24]
	at org.apache.pdfbox.pdfparser.PDFParser.initialParse(PDFParser.java:173) ~[pdfbox-2.0.24.jar:2.0.24]
	at org.apache.pdfbox.pdfparser.PDFParser.parse(PDFParser.java:226) ~[pdfbox-2.0.24.jar:2.0.24]
	at org.apache.pdfbox.pdmodel.PDDocument.load(PDDocument.java:1228) ~[pdfbox-2.0.24.jar:2.0.24]
	at org.apache.pdfbox.pdmodel.PDDocument.load(PDDocument.java:1164) ~[pdfbox-2.0.24.jar:2.0.24]
	at com.smc.pdfutil.service.PdfService.read(PdfService.java:65) [classes/:?]
	at com.smc.pdfutil.service.PdfService.read(PdfService.java:53) [classes/:?]
	at com.smc.pdfutil.service.PdfServiceTest.testEncrypt(PdfServiceTest.java:176) [test-classes/:?]
	at sun.reflect.NativeMethodAccessorImpl.invoke0(Native Method) ~[?:1.8.0_181]
	at sun.reflect.NativeMethodAccessorImpl.invoke(NativeMethodAccessorImpl.java:62) ~[?:1.8.0_181]
	at sun.reflect.DelegatingMethodAccessorImpl.invoke(DelegatingMethodAccessorImpl.java:43) ~[?:1.8.0_181]
	at java.lang.reflect.Method.invoke(Method.java:498) ~[?:1.8.0_181]
	at org.junit.runners.model.FrameworkMethod$1.runReflectiveCall(FrameworkMethod.java:59) [junit-4.13.2.jar:4.13.2]
	at org.junit.internal.runners.model.ReflectiveCallable.run(ReflectiveCallable.java:12) [junit-4.13.2.jar:4.13.2]
	at org.junit.runners.model.FrameworkMethod.invokeExplosively(FrameworkMethod.java:56) [junit-4.13.2.jar:4.13.2]
	at org.junit.internal.runners.statements.InvokeMethod.evaluate(InvokeMethod.java:17) [junit-4.13.2.jar:4.13.2]
	at org.junit.runners.ParentRunner$3.evaluate(ParentRunner.java:306) [junit-4.13.2.jar:4.13.2]
	at org.junit.runners.BlockJUnit4ClassRunner$1.evaluate(BlockJUnit4ClassRunner.java:100) [junit-4.13.2.jar:4.13.2]
	at org.junit.runners.ParentRunner.runLeaf(ParentRunner.java:366) [junit-4.13.2.jar:4.13.2]
	at org.junit.runners.BlockJUnit4ClassRunner.runChild(BlockJUnit4ClassRunner.java:103) [junit-4.13.2.jar:4.13.2]
	at org.junit.runners.BlockJUnit4ClassRunner.runChild(BlockJUnit4ClassRunner.java:63) [junit-4.13.2.jar:4.13.2]
	at org.junit.runners.ParentRunner$4.run(ParentRunner.java:331) [junit-4.13.2.jar:4.13.2]
	at org.junit.runners.ParentRunner$1.schedule(ParentRunner.java:79) [junit-4.13.2.jar:4.13.2]
	at org.junit.runners.ParentRunner.runChildren(ParentRunner.java:329) [junit-4.13.2.jar:4.13.2]
	at org.junit.runners.ParentRunner.access$100(ParentRunner.java:66) [junit-4.13.2.jar:4.13.2]
	at org.junit.runners.ParentRunner$2.evaluate(ParentRunner.java:293) [junit-4.13.2.jar:4.13.2]
	at org.junit.internal.runners.statements.RunBefores.evaluate(RunBefores.java:26) [junit-4.13.2.jar:4.13.2]
	at org.junit.internal.runners.statements.RunAfters.evaluate(RunAfters.java:27) [junit-4.13.2.jar:4.13.2]
	at org.junit.runners.ParentRunner$3.evaluate(ParentRunner.java:306) [junit-4.13.2.jar:4.13.2]
	at org.junit.runners.ParentRunner.run(ParentRunner.java:413) [junit-4.13.2.jar:4.13.2]
	at org.junit.runner.JUnitCore.run(JUnitCore.java:137) [junit-4.13.2.jar:4.13.2]
	at com.intellij.junit4.JUnit4IdeaTestRunner.startRunnerWithArgs(JUnit4IdeaTestRunner.java:69) [junit-rt.jar:?]
	at com.intellij.rt.junit.IdeaTestRunner$Repeater.startRunnerWithArgs(IdeaTestRunner.java:33) [junit-rt.jar:?]
	at com.intellij.rt.junit.JUnitStarter.prepareStreamsAndStart(JUnitStarter.java:235) [junit-rt.jar:?]
	at com.intellij.rt.junit.JUnitStarter.main(JUnitStarter.java:54) [junit-rt.jar:?]
2021-08-03 10:41:42.026 [main] INFO  c.s.p.s.PdfService -  | Reading PDF
2021-08-03 10:41:42.054 [Finalizer] WARN  o.a.p.c.COSDocument -  | Warning: You did not close a PDF Document
2021-08-03 10:41:42.087 [main] INFO  c.s.p.s.PdfService -  | Reading PDF
2021-08-03 10:41:42.224 [main] INFO  c.s.p.s.PdfService -  | Extracting PDF
2021-08-03 10:41:42.303 [main] INFO  c.s.p.s.PdfService -  | Reading PDF
2021-08-03 10:41:42.370 [main] INFO  c.s.p.s.PdfService -  | Merging PDF
2021-08-03 10:41:42.413 [main] INFO  c.s.p.s.PdfService -  | Merging PDF: closing PDDocument
2021-08-03 10:41:42.437 [main] INFO  c.s.p.s.PdfService -  | Reading PDF
2021-08-03 10:41:42.462 [main] INFO  c.s.p.s.PdfService -  | Drawing img to PDF
2021-08-03 10:41:42.592 [main] INFO  c.s.p.s.PdfService -  | Reading PDF
2021-08-03 10:41:42.608 [main] INFO  c.s.p.s.PdfService -  | Reading PDF
2021-08-03 10:41:42.620 [main] INFO  c.s.p.s.PdfService -  | Reading PDF
2021-08-03 10:41:42.634 [main] INFO  c.s.p.s.PdfService -  | Cutting img from PDF
2021-08-03 10:41:42.911 [main] INFO  c.s.p.s.PdfService -  | Adding watermark to PDF
2021-08-03 10:41:42.992 [main] INFO  c.s.p.s.PdfService -  | Reading PDF
2021-08-03 10:41:43.032 [main] INFO  c.s.p.s.PdfService -  | Reading PDF
2021-08-03 10:41:43.037 [main] INFO  c.s.p.s.PdfService -  | Setting Info to PDF
2021-08-03 10:41:43.070 [main] INFO  c.s.p.s.PdfService -  | Reading PDF
2021-08-03 10:45:17.514 [main] INFO  c.s.p.s.PdfService -  | Adding watermark to PDF
2021-08-03 10:45:19.135 [main] INFO  c.s.p.s.PdfService -  | Reading PDF
2021-08-03 10:45:19.367 [main] INFO  c.s.p.s.PdfService -  | Merging PDF
2021-08-03 10:45:19.464 [main] INFO  c.s.p.s.PdfService -  | Merging PDF: closing PDDocument
2021-08-03 10:45:19.496 [main] INFO  c.s.p.s.PdfService -  | Reading PDF
2021-08-03 10:45:19.576 [main] INFO  c.s.p.s.PdfService -  | Encrypting PDF
2021-08-03 10:45:19.659 [main] INFO  c.s.p.s.PdfService -  | Reading PDF
2021-08-03 10:45:19.675 [main] ERROR c.s.p.s.PdfService -  | Reading PDF Exception: 
org.apache.pdfbox.pdmodel.encryption.InvalidPasswordException: Cannot decrypt PDF, the password is incorrect
	at org.apache.pdfbox.pdmodel.encryption.StandardSecurityHandler.prepareForDecryption(StandardSecurityHandler.java:240) ~[pdfbox-2.0.24.jar:2.0.24]
	at org.apache.pdfbox.pdfparser.COSParser.prepareDecryption(COSParser.java:2910) ~[pdfbox-2.0.24.jar:2.0.24]
	at org.apache.pdfbox.pdfparser.COSParser.retrieveTrailer(COSParser.java:285) ~[pdfbox-2.0.24.jar:2.0.24]
	at org.apache.pdfbox.pdfparser.PDFParser.initialParse(PDFParser.java:173) ~[pdfbox-2.0.24.jar:2.0.24]
	at org.apache.pdfbox.pdfparser.PDFParser.parse(PDFParser.java:226) ~[pdfbox-2.0.24.jar:2.0.24]
	at org.apache.pdfbox.pdmodel.PDDocument.load(PDDocument.java:1228) ~[pdfbox-2.0.24.jar:2.0.24]
	at org.apache.pdfbox.pdmodel.PDDocument.load(PDDocument.java:1164) ~[pdfbox-2.0.24.jar:2.0.24]
	at com.smc.pdfutil.service.PdfService.read(PdfService.java:65) [classes/:?]
	at com.smc.pdfutil.service.PdfService.read(PdfService.java:53) [classes/:?]
	at com.smc.pdfutil.service.PdfServiceTest.testEncrypt(PdfServiceTest.java:176) [test-classes/:?]
	at sun.reflect.NativeMethodAccessorImpl.invoke0(Native Method) ~[?:1.8.0_181]
	at sun.reflect.NativeMethodAccessorImpl.invoke(NativeMethodAccessorImpl.java:62) ~[?:1.8.0_181]
	at sun.reflect.DelegatingMethodAccessorImpl.invoke(DelegatingMethodAccessorImpl.java:43) ~[?:1.8.0_181]
	at java.lang.reflect.Method.invoke(Method.java:498) ~[?:1.8.0_181]
	at org.junit.runners.model.FrameworkMethod$1.runReflectiveCall(FrameworkMethod.java:59) [junit-4.13.2.jar:4.13.2]
	at org.junit.internal.runners.model.ReflectiveCallable.run(ReflectiveCallable.java:12) [junit-4.13.2.jar:4.13.2]
	at org.junit.runners.model.FrameworkMethod.invokeExplosively(FrameworkMethod.java:56) [junit-4.13.2.jar:4.13.2]
	at org.junit.internal.runners.statements.InvokeMethod.evaluate(InvokeMethod.java:17) [junit-4.13.2.jar:4.13.2]
	at org.junit.runners.ParentRunner$3.evaluate(ParentRunner.java:306) [junit-4.13.2.jar:4.13.2]
	at org.junit.runners.BlockJUnit4ClassRunner$1.evaluate(BlockJUnit4ClassRunner.java:100) [junit-4.13.2.jar:4.13.2]
	at org.junit.runners.ParentRunner.runLeaf(ParentRunner.java:366) [junit-4.13.2.jar:4.13.2]
	at org.junit.runners.BlockJUnit4ClassRunner.runChild(BlockJUnit4ClassRunner.java:103) [junit-4.13.2.jar:4.13.2]
	at org.junit.runners.BlockJUnit4ClassRunner.runChild(BlockJUnit4ClassRunner.java:63) [junit-4.13.2.jar:4.13.2]
	at org.junit.runners.ParentRunner$4.run(ParentRunner.java:331) [junit-4.13.2.jar:4.13.2]
	at org.junit.runners.ParentRunner$1.schedule(ParentRunner.java:79) [junit-4.13.2.jar:4.13.2]
	at org.junit.runners.ParentRunner.runChildren(ParentRunner.java:329) [junit-4.13.2.jar:4.13.2]
	at org.junit.runners.ParentRunner.access$100(ParentRunner.java:66) [junit-4.13.2.jar:4.13.2]
	at org.junit.runners.ParentRunner$2.evaluate(ParentRunner.java:293) [junit-4.13.2.jar:4.13.2]
	at org.junit.internal.runners.statements.RunBefores.evaluate(RunBefores.java:26) [junit-4.13.2.jar:4.13.2]
	at org.junit.internal.runners.statements.RunAfters.evaluate(RunAfters.java:27) [junit-4.13.2.jar:4.13.2]
	at org.junit.runners.ParentRunner$3.evaluate(ParentRunner.java:306) [junit-4.13.2.jar:4.13.2]
	at org.junit.runners.ParentRunner.run(ParentRunner.java:413) [junit-4.13.2.jar:4.13.2]
	at org.junit.runner.JUnitCore.run(JUnitCore.java:137) [junit-4.13.2.jar:4.13.2]
	at com.intellij.junit4.JUnit4IdeaTestRunner.startRunnerWithArgs(JUnit4IdeaTestRunner.java:69) [junit-rt.jar:?]
	at com.intellij.rt.junit.IdeaTestRunner$Repeater.startRunnerWithArgs(IdeaTestRunner.java:33) [junit-rt.jar:?]
	at com.intellij.rt.junit.JUnitStarter.prepareStreamsAndStart(JUnitStarter.java:235) [junit-rt.jar:?]
	at com.intellij.rt.junit.JUnitStarter.main(JUnitStarter.java:54) [junit-rt.jar:?]
2021-08-03 10:45:19.686 [main] INFO  c.s.p.s.PdfService -  | Reading PDF
2021-08-03 10:45:19.716 [Finalizer] WARN  o.a.p.c.COSDocument -  | Warning: You did not close a PDF Document
2021-08-03 10:45:19.772 [main] INFO  c.s.p.s.PdfService -  | Reading PDF
2021-08-03 10:45:19.839 [main] INFO  c.s.p.s.PdfService -  | Merging PDF
2021-08-03 10:45:19.890 [main] INFO  c.s.p.s.PdfService -  | Merging PDF: closing PDDocument
2021-08-03 10:45:19.892 [main] INFO  c.s.p.s.PdfService -  | Reading PDF
2021-08-03 10:45:19.921 [main] INFO  c.s.p.s.PdfService -  | Extracting PDF
2021-08-03 10:45:19.941 [main] INFO  c.s.p.s.PdfService -  | Reading PDF
2021-08-03 10:45:19.953 [main] INFO  c.s.p.s.PdfService -  | Drawing img to PDF
2021-08-03 10:45:20.079 [main] INFO  c.s.p.s.PdfService -  | Reading PDF
2021-08-03 10:45:20.095 [main] INFO  c.s.p.s.PdfService -  | Reading PDF
2021-08-03 10:45:20.110 [main] INFO  c.s.p.s.PdfService -  | Reading PDF
2021-08-03 10:45:20.189 [main] INFO  c.s.p.s.PdfService -  | Cutting img from PDF
2021-08-03 10:45:20.531 [main] INFO  c.s.p.s.PdfService -  | Adding watermark to PDF
2021-08-03 10:45:20.588 [main] INFO  c.s.p.s.PdfService -  | Reading PDF
2021-08-03 10:45:20.635 [main] INFO  c.s.p.s.PdfService -  | Reading PDF
2021-08-03 10:45:20.646 [main] INFO  c.s.p.s.PdfService -  | Setting Info to PDF
2021-08-03 10:45:20.691 [main] INFO  c.s.p.s.PdfService -  | Reading PDF
2021-08-03 11:04:58.606 [main] INFO  c.s.p.s.PdfService -  | Adding watermark to PDF
2021-08-03 11:05:00.336 [main] INFO  c.s.p.s.PdfService -  | Reading PDF
2021-08-03 11:05:00.600 [main] INFO  c.s.p.s.PdfService -  | Merging PDF
2021-08-03 11:05:00.690 [main] INFO  c.s.p.s.PdfService -  | Merging PDF: closing PDDocument
2021-08-03 11:05:00.691 [main] INFO  c.s.p.s.PdfService -  | Reading PDF
2021-08-03 11:05:00.742 [main] INFO  c.s.p.s.PdfService -  | Encrypting PDF
2021-08-03 11:05:00.836 [main] INFO  c.s.p.s.PdfService -  | Reading PDF
2021-08-03 11:05:00.858 [main] ERROR c.s.p.s.PdfService -  | Reading PDF Exception: 
org.apache.pdfbox.pdmodel.encryption.InvalidPasswordException: Cannot decrypt PDF, the password is incorrect
	at org.apache.pdfbox.pdmodel.encryption.StandardSecurityHandler.prepareForDecryption(StandardSecurityHandler.java:240) ~[pdfbox-2.0.24.jar:2.0.24]
	at org.apache.pdfbox.pdfparser.COSParser.prepareDecryption(COSParser.java:2910) ~[pdfbox-2.0.24.jar:2.0.24]
	at org.apache.pdfbox.pdfparser.COSParser.retrieveTrailer(COSParser.java:285) ~[pdfbox-2.0.24.jar:2.0.24]
	at org.apache.pdfbox.pdfparser.PDFParser.initialParse(PDFParser.java:173) ~[pdfbox-2.0.24.jar:2.0.24]
	at org.apache.pdfbox.pdfparser.PDFParser.parse(PDFParser.java:226) ~[pdfbox-2.0.24.jar:2.0.24]
	at org.apache.pdfbox.pdmodel.PDDocument.load(PDDocument.java:1228) ~[pdfbox-2.0.24.jar:2.0.24]
	at org.apache.pdfbox.pdmodel.PDDocument.load(PDDocument.java:1164) ~[pdfbox-2.0.24.jar:2.0.24]
	at com.smc.pdfutil.service.PdfService.read(PdfService.java:67) [classes/:?]
	at com.smc.pdfutil.service.PdfService.read(PdfService.java:55) [classes/:?]
	at com.smc.pdfutil.service.PdfServiceTest.testEncrypt(PdfServiceTest.java:176) [test-classes/:?]
	at sun.reflect.NativeMethodAccessorImpl.invoke0(Native Method) ~[?:1.8.0_181]
	at sun.reflect.NativeMethodAccessorImpl.invoke(NativeMethodAccessorImpl.java:62) ~[?:1.8.0_181]
	at sun.reflect.DelegatingMethodAccessorImpl.invoke(DelegatingMethodAccessorImpl.java:43) ~[?:1.8.0_181]
	at java.lang.reflect.Method.invoke(Method.java:498) ~[?:1.8.0_181]
	at org.junit.runners.model.FrameworkMethod$1.runReflectiveCall(FrameworkMethod.java:59) [junit-4.13.2.jar:4.13.2]
	at org.junit.internal.runners.model.ReflectiveCallable.run(ReflectiveCallable.java:12) [junit-4.13.2.jar:4.13.2]
	at org.junit.runners.model.FrameworkMethod.invokeExplosively(FrameworkMethod.java:56) [junit-4.13.2.jar:4.13.2]
	at org.junit.internal.runners.statements.InvokeMethod.evaluate(InvokeMethod.java:17) [junit-4.13.2.jar:4.13.2]
	at org.junit.runners.ParentRunner$3.evaluate(ParentRunner.java:306) [junit-4.13.2.jar:4.13.2]
	at org.junit.runners.BlockJUnit4ClassRunner$1.evaluate(BlockJUnit4ClassRunner.java:100) [junit-4.13.2.jar:4.13.2]
	at org.junit.runners.ParentRunner.runLeaf(ParentRunner.java:366) [junit-4.13.2.jar:4.13.2]
	at org.junit.runners.BlockJUnit4ClassRunner.runChild(BlockJUnit4ClassRunner.java:103) [junit-4.13.2.jar:4.13.2]
	at org.junit.runners.BlockJUnit4ClassRunner.runChild(BlockJUnit4ClassRunner.java:63) [junit-4.13.2.jar:4.13.2]
	at org.junit.runners.ParentRunner$4.run(ParentRunner.java:331) [junit-4.13.2.jar:4.13.2]
	at org.junit.runners.ParentRunner$1.schedule(ParentRunner.java:79) [junit-4.13.2.jar:4.13.2]
	at org.junit.runners.ParentRunner.runChildren(ParentRunner.java:329) [junit-4.13.2.jar:4.13.2]
	at org.junit.runners.ParentRunner.access$100(ParentRunner.java:66) [junit-4.13.2.jar:4.13.2]
	at org.junit.runners.ParentRunner$2.evaluate(ParentRunner.java:293) [junit-4.13.2.jar:4.13.2]
	at org.junit.internal.runners.statements.RunBefores.evaluate(RunBefores.java:26) [junit-4.13.2.jar:4.13.2]
	at org.junit.internal.runners.statements.RunAfters.evaluate(RunAfters.java:27) [junit-4.13.2.jar:4.13.2]
	at org.junit.runners.ParentRunner$3.evaluate(ParentRunner.java:306) [junit-4.13.2.jar:4.13.2]
	at org.junit.runners.ParentRunner.run(ParentRunner.java:413) [junit-4.13.2.jar:4.13.2]
	at org.junit.runner.JUnitCore.run(JUnitCore.java:137) [junit-4.13.2.jar:4.13.2]
	at com.intellij.junit4.JUnit4IdeaTestRunner.startRunnerWithArgs(JUnit4IdeaTestRunner.java:69) [junit-rt.jar:?]
	at com.intellij.rt.junit.IdeaTestRunner$Repeater.startRunnerWithArgs(IdeaTestRunner.java:33) [junit-rt.jar:?]
	at com.intellij.rt.junit.JUnitStarter.prepareStreamsAndStart(JUnitStarter.java:235) [junit-rt.jar:?]
	at com.intellij.rt.junit.JUnitStarter.main(JUnitStarter.java:54) [junit-rt.jar:?]
2021-08-03 11:05:00.878 [main] INFO  c.s.p.s.PdfService -  | Reading PDF
2021-08-03 11:05:00.901 [Finalizer] WARN  o.a.p.c.COSDocument -  | Warning: You did not close a PDF Document
2021-08-03 11:05:00.927 [main] INFO  c.s.p.s.PdfService -  | Reading PDF
2021-08-03 11:05:00.990 [main] INFO  c.s.p.s.PdfService -  | Merging PDF
2021-08-03 11:05:01.038 [main] INFO  c.s.p.s.PdfService -  | Merging PDF: closing PDDocument
2021-08-03 11:05:01.053 [main] INFO  c.s.p.s.PdfService -  | Reading PDF
2021-08-03 11:05:01.074 [main] INFO  c.s.p.s.PdfService -  | Splitting PDF
2021-08-03 11:05:01.093 [main] INFO  c.s.p.s.PdfService -  | Reading PDF
2021-08-03 11:05:01.105 [main] INFO  c.s.p.s.PdfService -  | Drawing img to PDF
2021-08-03 11:05:01.196 [main] INFO  c.s.p.s.PdfService -  | Reading PDF
2021-08-03 11:05:01.207 [main] INFO  c.s.p.s.PdfService -  | Reading PDF
2021-08-03 11:05:01.217 [main] INFO  c.s.p.s.PdfService -  | Reading PDF
2021-08-03 11:05:01.228 [main] INFO  c.s.p.s.PdfService -  | Cutting img from PDF
2021-08-03 11:05:01.537 [main] INFO  c.s.p.s.PdfService -  | Adding watermark to PDF
2021-08-03 11:05:01.605 [main] INFO  c.s.p.s.PdfService -  | Reading PDF
2021-08-03 11:05:01.625 [main] INFO  c.s.p.s.PdfService -  | Create PDF
2021-08-03 11:05:01.634 [main] INFO  c.s.p.s.PdfService -  | Reading PDF
2021-08-03 11:05:01.638 [main] INFO  c.s.p.s.PdfService -  | Setting Info to PDF
2021-08-03 11:05:01.664 [main] INFO  c.s.p.s.PdfService -  | Reading PDF
